error: GET en /api/products/mockingproducts - 17:07:03
error: Simulating error in mocking products
error: GET en /api/styles.css - 17:07:04
error: Simulating error in mocking products
error: Este es un log a nivel error
error: Este es un log a nivel error
error: Este es un log a nivel error
error: Este es un log a nivel error
error: Este es un log a nivel error
error: Este es un log a nivel error
fatal: Este es un log a nivel fatal
fatal: Este es un log a nivel fatal
fatal: Este es un log a nivel fatal
fatal: Este es un log a nivel fatal
error: Este es un log a nivel error
fatal: Este es un log a nivel fatal
error: Este es un log a nivel error
fatal: Este es un log a nivel fatal
error: Este es un log a nivel error
fatal: Este es un log a nivel fatal
error: Este es un log a nivel error
fatal: Este es un log a nivel fatal
error: Este es un log a nivel error
error: No has iniciado sesion
error: No has iniciado sesion
fatal: Este es un log a nivel fatal
error: Este es un log a nivel error
error: No se recibieron los valores necesarios: mail y nueva contraseña
error: Contraseña Repetida
error: Contraseña Repetida
error: Contraseña Repetida
error: Contraseña Repetida
error: Contraseña Repetida
error: Contraseña Repetida
error: Contraseña Repetida
error: Contraseña Repetida
error: intentando eliminar producto sin permisos
error: intentando eliminar producto sin permisos
error: intentando eliminar producto sin permisos
error: intentando eliminar producto sin permisos
error: intentando eliminar producto sin permisos
error: intentando eliminar producto sin permisos
error: intentando eliminar producto sin permisos
error: intentando eliminar producto sin permisos
error: intentando eliminar producto sin permisos
error: intentando eliminar producto sin permisos
error: intentando eliminar producto sin permisos
error: Ha ocurrido un error Cannot read properties of undefined (reading 'constructor')
error: Ha ocurrido un error Cannot read properties of undefined (reading 'constructor')
error: Ha ocurrido un error Cannot read properties of undefined (reading 'constructor')
error: Ha ocurrido un error Cannot read properties of undefined (reading 'constructor')
error: Ha ocurrido un error Cannot read properties of undefined (reading 'constructor')
error: Ha ocurrido un error Cannot read properties of undefined (reading 'constructor')
error: Ha ocurrido un error Cannot read properties of undefined (reading 'constructor')
error: Ha ocurrido un error Cannot read properties of undefined (reading 'constructor')
error: Ha ocurrido un error Cannot read properties of undefined (reading 'constructor')
error: Ha ocurrido un error Cannot read properties of undefined (reading 'constructor')
error: Ha ocurrido un error Cannot read properties of undefined (reading 'constructor')
error: Ha ocurrido un error Cannot read properties of undefined (reading 'constructor')
error: Something has happened Cannot set headers after they are sent to the client {"code":"ERR_HTTP_HEADERS_SENT","stack":"Error [ERR_HTTP_HEADERS_SENT]: Cannot set headers after they are sent to the client\n    at new NodeError (node:internal/errors:399:5)\n    at ServerResponse.setHeader (node:_http_outgoing:644:11)\n    at ServerResponse.header (/home/germansz/Programacion/Backend/swagger/node_modules/express/lib/response.js:794:10)\n    at ServerResponse.send (/home/germansz/Programacion/Backend/swagger/node_modules/express/lib/response.js:174:12)\n    at ServerResponse.json (/home/germansz/Programacion/Backend/swagger/node_modules/express/lib/response.js:278:15)\n    at createCart (file:///home/germansz/Programacion/Backend/swagger/src/controllers/carts.controller.js:46:23)\n    at process.processTicksAndRejections (node:internal/process/task_queues:95:5)"}
error: No se ha actualizado el producto en el carrito
error: No se ha actualizado el producto en el carrito
